<?xml version="1.0" encoding="UTF-8"?>
<testng-results ignored="0" total="1" passed="1" failed="0" skipped="0">
  <reporter-output>
  </reporter-output>
  <suite started-at="2025-07-15T12:51:33 IST" name="Default suite" finished-at="2025-07-15T12:51:43 IST" duration-ms="9909">
    <groups>
    </groups>
    <test started-at="2025-07-15T12:51:33 IST" name="Default test" finished-at="2025-07-15T12:51:43 IST" duration-ms="9909">
      <class name="ExcelDriven">
        <test-method signature="Addbook()[pri:0, instance:ExcelDriven@43bc63a3]" started-at="2025-07-15T12:51:33 IST" name="Addbook" finished-at="2025-07-15T12:51:43 IST" duration-ms="9823" status="PASS">
          <reporter-output>
          </reporter-output>
        </test-method> <!-- Addbook -->
      </class> <!-- ExcelDriven -->
    </test> <!-- Default test -->
  </suite> <!-- Default suite -->
</testng-results>
